
  [4;36;1mSQL (0.1ms)[0m   [0;1mSET NAMES 'utf8'[0m
  [4;35;1mSQL (0.2ms)[0m   [0mSET SQL_AUTO_IS_NULL=0[0m


Processing UsersController#index (for 127.0.0.1 at 2010-12-04 18:05:25) [GET]
  Parameters: {"action"=>"index", "controller"=>"users"}
  [4;36;1mUser Columns (2.0ms)[0m   [0;1mSHOW FIELDS FROM `users`[0m
Redirected to http://localhost:3000/login
Filter chain halted as [:authorize] rendered_or_redirected.
Completed in 95ms (DB: 2) | 302 Found [http://localhost/]
  [4;35;1mSQL (0.1ms)[0m   [0mSET NAMES 'utf8'[0m
  [4;36;1mSQL (0.1ms)[0m   [0;1mSET SQL_AUTO_IS_NULL=0[0m


Processing UserSessionsController#new (for 127.0.0.1 at 2010-12-04 18:05:25) [GET]
  Parameters: {"action"=>"new", "controller"=>"user_sessions"}
  [4;35;1mUser Columns (1.2ms)[0m   [0mSHOW FIELDS FROM `users`[0m
Rendering template within layouts/application
Rendering user_sessions/new
Completed in 220ms (View: 208, DB: 1) | 200 OK [http://localhost/login]
  [4;36;1mSQL (0.1ms)[0m   [0;1mSET NAMES 'utf8'[0m
  [4;35;1mSQL (0.1ms)[0m   [0mSET SQL_AUTO_IS_NULL=0[0m


Processing UserSessionsController#create (for 127.0.0.1 at 2010-12-04 18:05:56) [POST]
  Parameters: {"commit"=>"Login", "user_session"=>{"username"=>"root", "password"=>"[FILTERED]"}, "action"=>"create", "authenticity_token"=>"P7KC9K1hJhcHcmwLDAYlTZjjUAA5PowT12Z/GgevZKc=", "controller"=>"user_sessions"}
  [4;36;1mUser Columns (1.2ms)[0m   [0;1mSHOW FIELDS FROM `users`[0m
  [4;35;1mUser Load (2.5ms)[0m   [0mSELECT * FROM `users` WHERE (LOWER(`users`.username) = 'root') LIMIT 1[0m
Rendering template within layouts/application
Rendering user_sessions/new
Completed in 212ms (View: 73, DB: 4) | 200 OK [http://localhost/user_sessions]
  [4;36;1mSQL (0.1ms)[0m   [0;1mSET NAMES 'utf8'[0m
  [4;35;1mSQL (0.1ms)[0m   [0mSET SQL_AUTO_IS_NULL=0[0m


Processing UserSessionsController#create (for 127.0.0.1 at 2010-12-04 18:07:20) [POST]
  Parameters: {"commit"=>"Login", "user_session"=>{"username"=>"root", "password"=>"[FILTERED]"}, "action"=>"create", "authenticity_token"=>"P7KC9K1hJhcHcmwLDAYlTZjjUAA5PowT12Z/GgevZKc=", "controller"=>"user_sessions"}
  [4;36;1mUser Columns (1.0ms)[0m   [0;1mSHOW FIELDS FROM `users`[0m
  [4;35;1mUser Load (0.2ms)[0m   [0mSELECT * FROM `users` WHERE (LOWER(`users`.username) = 'root') LIMIT 1[0m
Rendering template within layouts/application
Rendering user_sessions/new
Completed in 25ms (View: 11, DB: 1) | 200 OK [http://localhost/user_sessions]
  [4;36;1mSQL (0.1ms)[0m   [0;1mSET NAMES 'utf8'[0m
  [4;35;1mSQL (0.2ms)[0m   [0mSET SQL_AUTO_IS_NULL=0[0m


Processing UserSessionsController#create (for 127.0.0.1 at 2010-12-04 18:38:39) [POST]
  Parameters: {"commit"=>"Login", "user_session"=>{"username"=>"admin@accom.sv", "password"=>"[FILTERED]"}, "action"=>"create", "authenticity_token"=>"P7KC9K1hJhcHcmwLDAYlTZjjUAA5PowT12Z/GgevZKc=", "controller"=>"user_sessions"}
  [4;36;1mUser Columns (1.2ms)[0m   [0;1mSHOW FIELDS FROM `users`[0m
  [4;35;1mUser Load (0.4ms)[0m   [0mSELECT * FROM `users` WHERE (LOWER(`users`.username) = 'admin@accom.sv') LIMIT 1[0m
Rendering template within layouts/application
Rendering user_sessions/new
Completed in 59ms (View: 13, DB: 2) | 200 OK [http://localhost/user_sessions]
  [4;36;1mSQL (0.1ms)[0m   [0;1mSET NAMES 'utf8'[0m
  [4;35;1mSQL (0.1ms)[0m   [0mSET SQL_AUTO_IS_NULL=0[0m


Processing UserSessionsController#create (for 127.0.0.1 at 2010-12-04 18:45:54) [POST]
  Parameters: {"commit"=>"Login", "user_session"=>{"username"=>"admin@accom.sv", "password"=>"[FILTERED]"}, "action"=>"create", "authenticity_token"=>"P7KC9K1hJhcHcmwLDAYlTZjjUAA5PowT12Z/GgevZKc=", "controller"=>"user_sessions"}
  [4;36;1mUser Columns (1.0ms)[0m   [0;1mSHOW FIELDS FROM `users`[0m
  [4;35;1mUser Load (0.2ms)[0m   [0mSELECT * FROM `users` WHERE (LOWER(`users`.username) = 'admin@accom.sv') LIMIT 1[0m
  [4;36;1mSQL (0.2ms)[0m   [0;1mBEGIN[0m
  [4;35;1mUser Update (0.7ms)[0m   [0mUPDATE `users` SET `updated_at` = '2010-12-04 13:15:55', `perishable_token` = 'IFa82y2bp1WJL4m-vXiE', `last_login_at` = '2010-11-17 16:01:39', `last_login_ip` = '202.78.173.194', `current_login_at` = '2010-12-04 13:15:55', `login_count` = 380, `current_login_ip` = '127.0.0.1', `last_request_at` = '2010-12-04 13:15:55' WHERE `id` = 1[0m
  [4;36;1mSQL (3.7ms)[0m   [0;1mCOMMIT[0m
Redirected to http://localhost:3000/
Completed in 218ms (DB: 6) | 302 Found [http://localhost/user_sessions]
  [4;35;1mSQL (0.1ms)[0m   [0mSET NAMES 'utf8'[0m
  [4;36;1mSQL (0.1ms)[0m   [0;1mSET SQL_AUTO_IS_NULL=0[0m


Processing UsersController#index (for 127.0.0.1 at 2010-12-04 18:45:55) [GET]
  Parameters: {"action"=>"index", "controller"=>"users"}
  [4;35;1mUser Columns (1.0ms)[0m   [0mSHOW FIELDS FROM `users`[0m
  [4;36;1mUser Load (0.4ms)[0m   [0;1mSELECT * FROM `users` WHERE (`users`.`id` = '1') LIMIT 1[0m
  [4;35;1mSQL (0.1ms)[0m   [0mBEGIN[0m
  [4;36;1mUser Update (0.3ms)[0m   [0;1mUPDATE `users` SET `updated_at` = '2010-12-04 13:15:55', `perishable_token` = 'UZzG-RitIxkwMoSJo9Hk', `last_request_at` = '2010-12-04 13:15:55' WHERE `id` = 1[0m
  [4;35;1mSQL (0.4ms)[0m   [0mCOMMIT[0m
Rendering template within layouts/application
Rendering users/index
  [4;36;1mCentre Columns (1.2ms)[0m   [0;1mSHOW FIELDS FROM `centres`[0m
  [4;35;1mCentre Load (0.3ms)[0m   [0mSELECT * FROM `centres` WHERE (`centres`.`id` = 4068) [0m
Completed in 78ms (View: 56, DB: 4) | 200 OK [http://localhost/]
  [4;36;1mSQL (0.1ms)[0m   [0;1mSET NAMES 'utf8'[0m
  [4;35;1mSQL (0.1ms)[0m   [0mSET SQL_AUTO_IS_NULL=0[0m


Processing ApplicationController#new (for 127.0.0.1 at 2010-12-04 18:47:08) [GET]
  Parameters: {"action"=>"new", "controller"=>"registration"}

MissingSourceFile (no such file to load -- mime/types):
  app/controllers/registration_controller.rb:2

Rendered rescues/_trace (35.6ms)
Rendered rescues/_request_and_response (1.3ms)
Rendering rescues/layout (internal_server_error)
  [4;36;1mSQL (0.1ms)[0m   [0;1mSET NAMES 'utf8'[0m
  [4;35;1mSQL (0.1ms)[0m   [0mSET SQL_AUTO_IS_NULL=0[0m


Processing ApplicationController#new (for 127.0.0.1 at 2010-12-04 18:47:26) [GET]
  Parameters: {"action"=>"new", "controller"=>"registration"}

MissingSourceFile (no such file to load -- mime/types):
  app/controllers/registration_controller.rb:2

Rendered rescues/_trace (36.0ms)
Rendered rescues/_request_and_response (0.3ms)
Rendering rescues/layout (internal_server_error)
  [4;36;1mSQL (0.2ms)[0m   [0;1mSET NAMES 'utf8'[0m
  [4;35;1mSQL (0.2ms)[0m   [0mSET SQL_AUTO_IS_NULL=0[0m


Processing UsersController#index (for 127.0.0.1 at 2010-12-25 12:12:08) [GET]
  Parameters: {"action"=>"index", "controller"=>"users"}
  [4;36;1mUser Columns (1.8ms)[0m   [0;1mSHOW FIELDS FROM `users`[0m
Redirected to http://localhost:3000/login
Filter chain halted as [:authorize] rendered_or_redirected.
Completed in 122ms (DB: 2) | 302 Found [http://localhost/]
  [4;35;1mSQL (0.2ms)[0m   [0mSET NAMES 'utf8'[0m
  [4;36;1mSQL (0.1ms)[0m   [0;1mSET SQL_AUTO_IS_NULL=0[0m


Processing UserSessionsController#new (for 127.0.0.1 at 2010-12-25 12:12:08) [GET]
  Parameters: {"action"=>"new", "controller"=>"user_sessions"}
  [4;35;1mUser Columns (1.1ms)[0m   [0mSHOW FIELDS FROM `users`[0m
Rendering template within layouts/application
Rendering user_sessions/new
Completed in 257ms (View: 245, DB: 1) | 200 OK [http://localhost/login]
  [4;36;1mSQL (0.1ms)[0m   [0;1mSET NAMES 'utf8'[0m
  [4;35;1mSQL (0.1ms)[0m   [0mSET SQL_AUTO_IS_NULL=0[0m


Processing UserSessionsController#create (for 127.0.0.1 at 2010-12-25 12:21:40) [POST]
  Parameters: {"commit"=>"Login", "user_session"=>{"username"=>"accommodation.sv@bkivv.org", "password"=>"[FILTERED]"}, "action"=>"create", "authenticity_token"=>"lBKCZHgRD63D2DPA3V3HvSBHthkPtiYuwKi3McN5Lg4=", "controller"=>"user_sessions"}
  [4;36;1mUser Columns (1.3ms)[0m   [0;1mSHOW FIELDS FROM `users`[0m
  [4;35;1mUser Load (62.2ms)[0m   [0mSELECT * FROM `users` WHERE (LOWER(`users`.username) = 'accommodation.sv@bkivv.org') LIMIT 1[0m
  [4;36;1mSQL (0.2ms)[0m   [0;1mBEGIN[0m
  [4;35;1mUser Update (0.5ms)[0m   [0mUPDATE `users` SET `updated_at` = '2010-12-25 06:51:41', `perishable_token` = 'tG-95EzDF76pCuVncdvm', `last_login_at` = '2010-11-17 07:36:31', `current_login_at` = '2010-12-25 06:51:41', `login_count` = 69, `current_login_ip` = '127.0.0.1', `last_request_at` = '2010-12-25 06:51:41' WHERE `id` = 64[0m
  [4;36;1mSQL (4.4ms)[0m   [0;1mCOMMIT[0m
Redirected to http://localhost:3000/
Completed in 445ms (DB: 69) | 302 Found [http://localhost/user_sessions]
  [4;35;1mSQL (0.1ms)[0m   [0mSET NAMES 'utf8'[0m
  [4;36;1mSQL (0.1ms)[0m   [0;1mSET SQL_AUTO_IS_NULL=0[0m


Processing UsersController#index (for 127.0.0.1 at 2010-12-25 12:21:41) [GET]
  Parameters: {"action"=>"index", "controller"=>"users"}
  [4;35;1mUser Columns (1.3ms)[0m   [0mSHOW FIELDS FROM `users`[0m
  [4;36;1mUser Load (0.4ms)[0m   [0;1mSELECT * FROM `users` WHERE (`users`.`id` = '64') LIMIT 1[0m
  [4;35;1mSQL (0.1ms)[0m   [0mBEGIN[0m
  [4;36;1mUser Update (0.3ms)[0m   [0;1mUPDATE `users` SET `updated_at` = '2010-12-25 06:51:41', `perishable_token` = 'dg-SZKFzo0iO-M2_qjyd', `last_request_at` = '2010-12-25 06:51:41' WHERE `id` = 64[0m
  [4;35;1mSQL (0.4ms)[0m   [0mCOMMIT[0m
Rendering template within layouts/application
Rendering users/index
  [4;36;1mCentre Columns (1.4ms)[0m   [0;1mSHOW FIELDS FROM `centres`[0m
  [4;35;1mCentre Load (75.0ms)[0m   [0mSELECT * FROM `centres` WHERE (`centres`.`id` = 2931) [0m
Completed in 199ms (View: 103, DB: 79) | 200 OK [http://localhost/]
  [4;36;1mSQL (0.1ms)[0m   [0;1mSET NAMES 'utf8'[0m
  [4;35;1mSQL (0.1ms)[0m   [0mSET SQL_AUTO_IS_NULL=0[0m


Processing ApplicationController#new (for 127.0.0.1 at 2010-12-25 12:21:46) [GET]
  Parameters: {"action"=>"new", "controller"=>"registration"}

MissingSourceFile (no such file to load -- mime/types):
  app/controllers/registration_controller.rb:2

Rendered rescues/_trace (113.2ms)
Rendered rescues/_request_and_response (1.4ms)
Rendering rescues/layout (internal_server_error)
  [4;36;1mSQL (0.1ms)[0m   [0;1mSET NAMES 'utf8'[0m
  [4;35;1mSQL (0.1ms)[0m   [0mSET SQL_AUTO_IS_NULL=0[0m


Processing UserSessionsController#destroy (for 127.0.0.1 at 2010-12-25 13:40:08) [GET]
  Parameters: {"action"=>"destroy", "controller"=>"user_sessions"}
  [4;36;1mUser Columns (1.1ms)[0m   [0;1mSHOW FIELDS FROM `users`[0m
  [4;35;1mUser Load (0.4ms)[0m   [0mSELECT * FROM `users` WHERE (`users`.`id` = '64') LIMIT 1[0m
  [4;36;1mSQL (0.1ms)[0m   [0;1mBEGIN[0m
  [4;35;1mUser Update (0.3ms)[0m   [0mUPDATE `users` SET `updated_at` = '2010-12-25 08:10:08', `perishable_token` = '6Ic0f45-ecTmNL__MhZQ', `last_request_at` = '2010-12-25 08:10:08' WHERE `id` = 64[0m
  [4;36;1mSQL (3.2ms)[0m   [0;1mCOMMIT[0m
  [4;35;1mUser Load (0.3ms)[0m   [0mSELECT * FROM `users` WHERE (`users`.`id` = '64') LIMIT 1[0m
  [4;36;1mSQL (0.1ms)[0m   [0;1mBEGIN[0m
  [4;35;1mUser Update (0.3ms)[0m   [0mUPDATE `users` SET `updated_at` = '2010-12-25 08:10:08', `perishable_token` = 'h1mq2TP_icXIR0uZMRXA', `last_request_at` = '2010-12-25 08:10:08' WHERE `id` = 64[0m
  [4;36;1mSQL (0.4ms)[0m   [0;1mCOMMIT[0m
Redirected to http://localhost:3000/login
Completed in 30ms (DB: 6) | 302 Found [http://localhost/logout]
  [4;35;1mSQL (0.1ms)[0m   [0mSET NAMES 'utf8'[0m
  [4;36;1mSQL (0.1ms)[0m   [0;1mSET SQL_AUTO_IS_NULL=0[0m


Processing UserSessionsController#new (for 127.0.0.1 at 2010-12-25 13:40:08) [GET]
  Parameters: {"action"=>"new", "controller"=>"user_sessions"}
  [4;35;1mUser Columns (1.2ms)[0m   [0mSHOW FIELDS FROM `users`[0m
Rendering template within layouts/application
Rendering user_sessions/new
Completed in 18ms (View: 7, DB: 1) | 200 OK [http://localhost/login]
  [4;36;1mSQL (0.2ms)[0m   [0;1mSET NAMES 'utf8'[0m
  [4;35;1mSQL (0.3ms)[0m   [0mSET SQL_AUTO_IS_NULL=0[0m


Processing UsersController#index (for 127.0.0.1 at 2011-01-02 12:33:56) [GET]
  Parameters: {"action"=>"index", "controller"=>"users"}
  [4;36;1mUser Columns (1.6ms)[0m   [0;1mSHOW FIELDS FROM `users`[0m
Redirected to http://localhost:3000/login
Filter chain halted as [:authorize] rendered_or_redirected.
Completed in 111ms (DB: 2) | 302 Found [http://localhost/]
  [4;35;1mSQL (0.1ms)[0m   [0mSET NAMES 'utf8'[0m
  [4;36;1mSQL (0.1ms)[0m   [0;1mSET SQL_AUTO_IS_NULL=0[0m


Processing UserSessionsController#new (for 127.0.0.1 at 2011-01-02 12:33:57) [GET]
  Parameters: {"action"=>"new", "controller"=>"user_sessions"}
  [4;35;1mUser Columns (1.0ms)[0m   [0mSHOW FIELDS FROM `users`[0m
Rendering template within layouts/application
Rendering user_sessions/new
Completed in 200ms (View: 188, DB: 1) | 200 OK [http://localhost/login]
  [4;36;1mSQL (0.1ms)[0m   [0;1mSET NAMES 'utf8'[0m
  [4;35;1mSQL (0.1ms)[0m   [0mSET SQL_AUTO_IS_NULL=0[0m


Processing UserSessionsController#create (for 127.0.0.1 at 2011-01-02 12:35:09) [POST]
  Parameters: {"commit"=>"Login", "user_session"=>{"username"=>"admin@accom.sv", "password"=>"[FILTERED]"}, "action"=>"create", "authenticity_token"=>"U+cbjRwnB14HhHTWO2Nf0YRLyNdFq5QsYKyaF5SbQaE=", "controller"=>"user_sessions"}
  [4;36;1mUser Columns (1.0ms)[0m   [0;1mSHOW FIELDS FROM `users`[0m
  [4;35;1mUser Load (24.9ms)[0m   [0mSELECT * FROM `users` WHERE (LOWER(`users`.username) = 'admin@accom.sv') LIMIT 1[0m
  [4;36;1mSQL (0.2ms)[0m   [0;1mBEGIN[0m
  [4;35;1mUser Update (0.9ms)[0m   [0mUPDATE `users` SET `updated_at` = '2011-01-02 07:05:09', `perishable_token` = 'rFyzPYJ5kwgBe8f4AGKA', `last_login_at` = '2010-12-04 13:15:55', `last_login_ip` = '127.0.0.1', `current_login_at` = '2011-01-02 07:05:09', `login_count` = 381, `last_request_at` = '2011-01-02 07:05:09' WHERE `id` = 1[0m
  [4;36;1mSQL (3.1ms)[0m   [0;1mCOMMIT[0m
Redirected to http://localhost:3000/
Completed in 395ms (DB: 30) | 302 Found [http://localhost/user_sessions]
  [4;35;1mSQL (0.1ms)[0m   [0mSET NAMES 'utf8'[0m
  [4;36;1mSQL (0.1ms)[0m   [0;1mSET SQL_AUTO_IS_NULL=0[0m


Processing UsersController#index (for 127.0.0.1 at 2011-01-02 12:35:09) [GET]
  Parameters: {"action"=>"index", "controller"=>"users"}
  [4;35;1mUser Columns (1.0ms)[0m   [0mSHOW FIELDS FROM `users`[0m
  [4;36;1mUser Load (0.4ms)[0m   [0;1mSELECT * FROM `users` WHERE (`users`.`id` = '1') LIMIT 1[0m
  [4;35;1mSQL (0.1ms)[0m   [0mBEGIN[0m
  [4;36;1mUser Update (0.3ms)[0m   [0;1mUPDATE `users` SET `updated_at` = '2011-01-02 07:05:09', `perishable_token` = 'JuYBrDeX0LjMjRz5qIKg', `last_request_at` = '2011-01-02 07:05:09' WHERE `id` = 1[0m
  [4;35;1mSQL (0.4ms)[0m   [0mCOMMIT[0m
Rendering template within layouts/application
Rendering users/index
  [4;36;1mCentre Columns (1.4ms)[0m   [0;1mSHOW FIELDS FROM `centres`[0m
  [4;35;1mCentre Load (30.9ms)[0m   [0mSELECT * FROM `centres` WHERE (`centres`.`id` = 4068) [0m
Completed in 118ms (View: 67, DB: 35) | 200 OK [http://localhost/]
  [4;36;1mSQL (0.1ms)[0m   [0;1mSET NAMES 'utf8'[0m
  [4;35;1mSQL (0.1ms)[0m   [0mSET SQL_AUTO_IS_NULL=0[0m


Processing ApplicationController#new (for 127.0.0.1 at 2011-01-02 12:35:12) [GET]
  Parameters: {"action"=>"new", "controller"=>"registration"}

MissingSourceFile (no such file to load -- mime/types):
  app/controllers/registration_controller.rb:2

Rendered rescues/_trace (107.1ms)
Rendered rescues/_request_and_response (1.5ms)
Rendering rescues/layout (internal_server_error)
  [4;36;1mSQL (0.1ms)[0m   [0;1mSET NAMES 'utf8'[0m
  [4;35;1mSQL (0.1ms)[0m   [0mSET SQL_AUTO_IS_NULL=0[0m


Processing RegistrationController#new (for 127.0.0.1 at 2011-01-02 12:45:46) [GET]
  Parameters: {"action"=>"new", "controller"=>"registration"}
  [4;36;1mUser Columns (1.0ms)[0m   [0;1mSHOW FIELDS FROM `users`[0m
  [4;35;1mUser Load (0.4ms)[0m   [0mSELECT * FROM `users` WHERE (`users`.`id` = '1') LIMIT 1[0m
  [4;36;1mSQL (0.1ms)[0m   [0;1mBEGIN[0m
  [4;35;1mUser Update (0.3ms)[0m   [0mUPDATE `users` SET `updated_at` = '2011-01-02 07:15:46', `perishable_token` = 'HHLOi4luDvLPD49fZTDg', `last_request_at` = '2011-01-02 07:15:46' WHERE `id` = 1[0m
  [4;36;1mSQL (59.9ms)[0m   [0;1mCOMMIT[0m
  [4;35;1mRegistration Columns (1.4ms)[0m   [0mSHOW FIELDS FROM `registrations`[0m
  [4;36;1mCentre Load (60.6ms)[0m   [0;1mSELECT * FROM `centres` ORDER BY name[0m
  [4;35;1mEvent Load (3.6ms)[0m   [0mSELECT * FROM `events` WHERE (active = 1) ORDER BY start_date asc[0m
  [4;36;1mTrain Load (11.0ms)[0m   [0;1mSELECT * FROM `trains` ORDER BY trnno[0m
  [4;35;1mParticipant Load (5.6ms)[0m   [0mSELECT * FROM `participants` WHERE (centre_id = 4068) ORDER BY first_name, last_name[0m
Rendering template within layouts/application
Rendering registration/new
  [4;36;1mEvent Columns (1.2ms)[0m   [0;1mSHOW FIELDS FROM `events`[0m
  [4;35;1mCentre Columns (1.1ms)[0m   [0mSHOW FIELDS FROM `centres`[0m
  [4;36;1mTrain Columns (0.9ms)[0m   [0;1mSHOW FIELDS FROM `trains`[0m
Rendered registration/_form (11.4ms)
Completed in 405ms (View: 54, DB: 147) | 200 OK [http://localhost/registration/new]
